{"/Users/yirui/project/webpack_reactJS/src/components/link/index.tsx": {"path":"/Users/yirui/project/webpack_reactJS/src/components/link/index.tsx","statementMap":{"0":{"start":{"line":3,"column":15},"end":{"line":6,"column":1}},"1":{"start":{"line":16,"column":4},"end":{"line":16,"column":17}},"2":{"start":{"line":18,"column":4},"end":{"line":20,"column":6}},"3":{"start":{"line":24,"column":4},"end":{"line":24,"column":43}},"4":{"start":{"line":28,"column":4},"end":{"line":28,"column":42}},"5":{"start":{"line":32,"column":4},"end":{"line":41,"column":6}}},"fnMap":{"0":{"name":"(anonymous_0)","decl":{"start":{"line":15,"column":2},"end":{"line":15,"column":3}},"loc":{"start":{"line":15,"column":31},"end":{"line":21,"column":3}},"line":15},"1":{"name":"(anonymous_1)","decl":{"start":{"line":23,"column":2},"end":{"line":23,"column":3}},"loc":{"start":{"line":23,"column":19},"end":{"line":25,"column":3}},"line":23},"2":{"name":"(anonymous_2)","decl":{"start":{"line":27,"column":2},"end":{"line":27,"column":3}},"loc":{"start":{"line":27,"column":19},"end":{"line":29,"column":3}},"line":27},"3":{"name":"(anonymous_3)","decl":{"start":{"line":31,"column":2},"end":{"line":31,"column":3}},"loc":{"start":{"line":31,"column":11},"end":{"line":42,"column":3}},"line":31}},"branchMap":{"0":{"loc":{"start":{"line":35,"column":14},"end":{"line":35,"column":36}},"type":"binary-expr","locations":[{"start":{"line":35,"column":14},"end":{"line":35,"column":29}},{"start":{"line":35,"column":33},"end":{"line":35,"column":36}}],"line":35}},"s":{"0":1,"1":1,"2":1,"3":1,"4":1,"5":3},"f":{"0":1,"1":1,"2":1,"3":3},"b":{"0":[3,0]},"_coverageSchema":"43e27e138ebf9cfc5966b082cf9a028302ed4184","hash":"5fe3ac151fd7f31806fc14e54182ba9635c72312"}
}
